<?xml version="1.0" encoding="UTF-8"?>
<!-- Generated by org.testng.reporters.JUnitReportReporter -->
<testsuite hostname="Arsheera" failures="0" tests="8" name="testRunner.runnerfile" time="61.377" errors="0" timestamp="2024-03-25T13:53:03 CET" skipped="0">
  <testcase classname="testRunner.runnerfile" name="runScenario" time="7.377"/>
  <system-out/>
  <testcase classname="testRunner.runnerfile" name="runScenario" time="7.262"/>
  <system-out/>
  <testcase classname="testRunner.runnerfile" name="runScenario" time="7.250"/>
  <system-out/>
  <testcase classname="testRunner.runnerfile" name="runScenario" time="7.120"/>
  <system-out/>
  <testcase classname="testRunner.runnerfile" name="runScenario" time="7.477"/>
  <system-out/>
  <testcase classname="testRunner.runnerfile" name="runScenario" time="10.046"/>
  <system-out/>
  <testcase classname="testRunner.runnerfile" name="runScenario" time="7.477"/>
  <system-out/>
  <testcase classname="testRunner.runnerfile" name="runScenario" time="7.368"/>
  <system-out/>
</testsuite> <!-- testRunner.runnerfile -->
